<?xml version="1.0" encoding="UTF-8"?>
<!-- Generated by org.testng.reporters.JUnitXMLReporter -->
<testsuite hostname="Home" ignored="0" name="SignIn Test" tests="5" failures="0" timestamp="19 Jul 2018 17:37:34 GMT" time="46.869" errors="0">
  <testcase name="writeDataExcel" time="2.942" classname="com.assignment.fox.FoxTest"/>
  <testcase name="verifyMoviesList" time="1.729" classname="com.assignment.fox.FoxTest"/>
  <testcase name="verifyAllShows" time="3.252" classname="com.assignment.fox.FoxTest"/>
  <testcase name="verifyFXSports" time="1.963" classname="com.assignment.fox.FoxTest"/>
  <testcase name="verifyNGeoShows" time="3.25" classname="com.assignment.fox.FoxTest"/>
</testsuite> <!-- SignIn Test -->
